<?xml version="1.0" encoding="UTF-8"?>
<!-- Generated by org.testng.reporters.JUnitXMLReporter -->
<testsuite ignored="0" hostname="DESKTOP-ES6JCAK" failures="0" tests="13" name="TestNG Framework" time="98.365" errors="0" timestamp="2021-05-30T10:56:33 IST">
  <testcase classname="com.hostel.qa.testcases.loginTest" name="verifyLoginButton" time="0.056"/>
  <testcase classname="com.hostel.qa.testcases.loginTest" name="verifyLogo" time="2.098"/>
  <testcase classname="com.hostel.qa.testcases.loginTest" name="verifyLoginWithValidDetail" time="2.715"/>
  <testcase classname="com.hostel.qa.testcases.loginTest" name="verfiyinvalidUsernameDetails" time="0.547"/>
  <testcase classname="com.hostel.qa.testcases.loginTest" name="verfiyinvalidPasswordDetails" time="0.635"/>
  <testcase classname="com.hostel.qa.testcases.loginTest" name="verfiyBlankLoginDetails" time="0.099"/>
  <testcase classname="com.hostel.qa.testcases.homePageTest" name="titleTest" time="0.016"/>
  <testcase classname="com.hostel.qa.testcases.homePageTest" name="urlTest" time="0.011"/>
  <testcase classname="com.hostel.qa.testcases.homePageTest" name="verifyAddStudentButton" time="1.071"/>
  <testcase classname="com.hostel.qa.testcases.homePageTest" name="verifyAddStudentLink" time="2.122"/>
  <testcase classname="com.hostel.qa.testcases.homePageTest" name="verifyHomeLink" time="0.13"/>
  <testcase classname="com.hostel.qa.testcases.homePageTest" name="verifyLogOut" time="2.764"/>
  <testcase classname="com.hostel.qa.testcases.homePageTest" name="averifyUserName" time="0.063"/>
</testsuite> <!-- TestNG Framework -->
