<?xml version="1.0" encoding="UTF-8"?>
<!-- Generated by org.testng.reporters.JUnitXMLReporter -->
<testsuite ignored="0" hostname="DESKTOP-ES6JCAK" failures="0" tests="5" name="Default test" time="0.098" errors="0" timestamp="2021-05-23T09:06:24 IST">
  <testcase classname="TestNG_Basics.annotation_sequence" name="test1" time="0.01"/>
  <testcase classname="TestNG_Basics.annotation_sequence" name="test2" time="0.003"/>
  <testcase classname="TestNG_Basics.annotation_sequence" name="test3" time="0.003"/>
  <testcase classname="TestNG_Basics.annotation_sequence" name="test4" time="0.003"/>
  <testcase classname="TestNG_Basics.annotation_sequence" name="test5" time="0.002"/>
</testsuite> <!-- Default test -->
